This file contains any messages produced by compilers while
running configure, to aid debugging if configure makes a mistake.

It was created by upse configure 1.0.0, which was
generated by GNU Autoconf 2.61.  Invocation command line was

  $ ../configure 

## --------- ##
## Platform. ##
## --------- ##

hostname = dana-XPS-15-9530
uname -m = x86_64
uname -r = 6.5.0-26-generic
uname -s = Linux
uname -v = #26-Ubuntu SMP PREEMPT_DYNAMIC Tue Mar  5 21:19:28 UTC 2024

/usr/bin/uname -p = x86_64
/bin/uname -X     = unknown

/bin/arch              = x86_64
/usr/bin/arch -k       = unknown
/usr/convex/getsysinfo = unknown
/usr/bin/hostinfo      = unknown
/bin/machine           = unknown
/usr/bin/oslevel       = unknown
/bin/universe          = unknown

PATH: /home/dana/emsdk/upstream/emscripten/cache/sysroot/bin
PATH: /home/dana/emsdk
PATH: /home/dana/emsdk/upstream/emscripten
PATH: /home/dana/gems/bin
PATH: /home/dana/.local/bin
PATH: /opt/devkitpro/tools/bin
PATH: /usr/local/sbin
PATH: /usr/local/bin
PATH: /usr/sbin
PATH: /usr/bin
PATH: /sbin
PATH: /bin
PATH: /usr/games
PATH: /usr/local/games
PATH: /snap/bin


## ----------- ##
## Core tests. ##
## ----------- ##

configure:1830: checking build system type
configure:1848: result: x86_64-unknown-linux-gnu
configure:1870: checking host system type
configure:1885: result: x86_64-unknown-linux-gnu
configure:1907: checking target system type
configure:1922: result: x86_64-unknown-linux-gnu
configure:2035: checking for gcc
configure:2062: result: /home/dana/emsdk/upstream/emscripten/emcc
configure:2300: checking for C compiler version
configure:2307: /home/dana/emsdk/upstream/emscripten/emcc --version >&5
emcc (Emscripten gcc/clang-like replacement + linker emulating GNU ld) 3.1.55 (165133b1cc977f0b9a277e42ef809b823157189c)
Copyright (C) 2014 the Emscripten authors (see AUTHORS.txt)
This is free and open source software under the MIT license.
There is NO warranty; not even for MERCHANTABILITY or FITNESS FOR A PARTICULAR PURPOSE.

configure:2310: $? = 0
configure:2317: /home/dana/emsdk/upstream/emscripten/emcc -v >&5
emcc (Emscripten gcc/clang-like replacement + linker emulating GNU ld) 3.1.55 (165133b1cc977f0b9a277e42ef809b823157189c)
clang version 19.0.0git (https:/github.com/llvm/llvm-project 6c7805d5d186a6d1263f90b8033ad85e2d2633d7)
Target: wasm32-unknown-emscripten
Thread model: posix
InstalledDir: /home/dana/emsdk/upstream/bin
configure:2320: $? = 0
configure:2327: /home/dana/emsdk/upstream/emscripten/emcc -V >&5
emcc: error: no input files
configure:2330: $? = 1
configure:2353: checking for C compiler default output file name
configure:2380: /home/dana/emsdk/upstream/emscripten/emcc    conftest.c  >&5
cache:INFO: generating system asset: symbol_lists/dff77a1b7fdcda0a70eb7a54591ce4d57b67d2ec.json... (this will be cached in "/home/dana/emsdk/upstream/emscripten/cache/symbol_lists/dff77a1b7fdcda0a70eb7a54591ce4d57b67d2ec.json" for subsequent builds)
cache:INFO:  - ok
configure:2383: $? = 0
configure:2421: result: a.out
configure:2438: checking whether the C compiler works
configure:2448: ./a.out
configure:2451: $? = 0
configure:2468: result: yes
configure:2475: checking whether we are cross compiling
configure:2477: result: no
configure:2480: checking for suffix of executables
configure:2487: /home/dana/emsdk/upstream/emscripten/emcc -o conftest    conftest.c  >&5
configure:2490: $? = 0
configure:2514: result: 
configure:2520: checking for suffix of object files
configure:2546: /home/dana/emsdk/upstream/emscripten/emcc -c   conftest.c >&5
configure:2549: $? = 0
configure:2572: result: o
configure:2576: checking whether we are using the GNU C compiler
configure:2605: /home/dana/emsdk/upstream/emscripten/emcc -c   conftest.c >&5
configure:2611: $? = 0
configure:2628: result: yes
configure:2633: checking whether /home/dana/emsdk/upstream/emscripten/emcc accepts -g
configure:2663: /home/dana/emsdk/upstream/emscripten/emcc -c -g  conftest.c >&5
configure:2669: $? = 0
configure:2768: result: yes
configure:2785: checking for /home/dana/emsdk/upstream/emscripten/emcc option to accept ISO C89
configure:2859: /home/dana/emsdk/upstream/emscripten/emcc  -c -g -O2  conftest.c >&5
conftest.c:17:14: warning: a function definition without a prototype is deprecated in all versions of C and is not supported in C23 [-Wdeprecated-non-prototype]
   17 | static char *e (p, i)
      |              ^
1 warning generated.
configure:2865: $? = 0
configure:2888: result: none needed
configure:3022: checking for C++ compiler version
configure:3029: /home/dana/emsdk/upstream/emscripten/em++ --version >&5
emcc (Emscripten gcc/clang-like replacement + linker emulating GNU ld) 3.1.55 (165133b1cc977f0b9a277e42ef809b823157189c)
Copyright (C) 2014 the Emscripten authors (see AUTHORS.txt)
This is free and open source software under the MIT license.
There is NO warranty; not even for MERCHANTABILITY or FITNESS FOR A PARTICULAR PURPOSE.

configure:3032: $? = 0
configure:3039: /home/dana/emsdk/upstream/emscripten/em++ -v >&5
emcc (Emscripten gcc/clang-like replacement + linker emulating GNU ld) 3.1.55 (165133b1cc977f0b9a277e42ef809b823157189c)
clang version 19.0.0git (https:/github.com/llvm/llvm-project 6c7805d5d186a6d1263f90b8033ad85e2d2633d7)
Target: wasm32-unknown-emscripten
Thread model: posix
InstalledDir: /home/dana/emsdk/upstream/bin
configure:3042: $? = 0
configure:3049: /home/dana/emsdk/upstream/emscripten/em++ -V >&5
em++: error: no input files
configure:3052: $? = 1
configure:3055: checking whether we are using the GNU C++ compiler
configure:3084: /home/dana/emsdk/upstream/emscripten/em++ -c   conftest.cpp >&5
configure:3090: $? = 0
configure:3107: result: yes
configure:3112: checking whether /home/dana/emsdk/upstream/emscripten/em++ accepts -g
configure:3142: /home/dana/emsdk/upstream/emscripten/em++ -c -g  conftest.cpp >&5
configure:3148: $? = 0
configure:3247: result: yes
configure:3272: checking for strerror in -lcposix
configure:3307: /home/dana/emsdk/upstream/emscripten/emcc -o conftest -g -O2   conftest.c -lcposix   >&5
conftest.c:17:6: warning: incompatible redeclaration of library function 'strerror' [-Wincompatible-library-redeclaration]
   17 | char strerror ();
      |      ^
conftest.c:17:6: note: 'strerror' is a builtin with type 'char *(int)'
1 warning generated.
cache:INFO: generating system asset: symbol_lists/37a326ce08d64b54e355a5839c4200db5832db02.json... (this will be cached in "/home/dana/emsdk/upstream/emscripten/cache/symbol_lists/37a326ce08d64b54e355a5839c4200db5832db02.json" for subsequent builds)
cache:INFO:  - ok
wasm-ld: error: unable to find library -lcposix
emcc: error: '/home/dana/emsdk/upstream/bin/wasm-ld -o conftest.wasm /tmp/emscripten_temp_2vcjkjx9/conftest_0.o -lcposix -L/home/dana/emsdk/upstream/emscripten/cache/sysroot/lib/wasm32-emscripten -lGL-getprocaddr -lal -lhtml5 -lstubs -lc -ldlmalloc -lcompiler_rt -lc++-noexcept -lc++abi-noexcept -lsockets -mllvm -combiner-global-alias-analysis=false -mllvm -enable-emscripten-sjlj -mllvm -disable-lsr /tmp/tmpjf0kzspalibemscripten_js_symbols.so --export=stackAlloc --export=stackSave --export=stackRestore --export=__get_temp_ret --export=__set_temp_ret --export=__funcs_on_exit --export=__wasm_call_ctors --export-if-defined=__start_em_asm --export-if-defined=__stop_em_asm --export-if-defined=__start_em_lib_deps --export-if-defined=__stop_em_lib_deps --export-if-defined=__start_em_js --export-if-defined=__stop_em_js --export-if-defined=main --export-if-defined=__main_argc_argv --export-if-defined=fflush --export-table -z stack-size=65536 --initial-memory=16777216 --max-memory=16777216 --no-entry --table-base=1 --global-base=1024' failed (returned 1)
configure:3313: $? = 1
configure: failed program was:
| /* confdefs.h.  */
| #define PACKAGE_NAME "upse"
| #define PACKAGE_TARNAME "upse"
| #define PACKAGE_VERSION "1.0.0"
| #define PACKAGE_STRING "upse 1.0.0"
| #define PACKAGE_BUGREPORT "nenolod+upse@sacredspiral.co.uk"
| #define PACKAGE "upse"
| #define VERSION "1.0.0"
| /* end confdefs.h.  */
| 
| /* Override any GCC internal prototype to avoid an error.
|    Use char because int might match the return type of a GCC
|    builtin and then its argument prototype would still apply.  */
| #ifdef __cplusplus
| extern "C"
| #endif
| char strerror ();
| int
| main ()
| {
| return strerror ();
|   ;
|   return 0;
| }
configure:3331: result: no
configure:3344: checking how to run the C preprocessor
configure:3384: /home/dana/emsdk/upstream/emscripten/emcc -E  conftest.c
configure:3390: $? = 0
configure:3421: /home/dana/emsdk/upstream/emscripten/emcc -E  conftest.c
conftest.c:10:10: fatal error: 'ac_nonexistent.h' file not found
   10 | #include <ac_nonexistent.h>
      |          ^~~~~~~~~~~~~~~~~~
1 error generated.
configure:3427: $? = 1
configure: failed program was:
| /* confdefs.h.  */
| #define PACKAGE_NAME "upse"
| #define PACKAGE_TARNAME "upse"
| #define PACKAGE_VERSION "1.0.0"
| #define PACKAGE_STRING "upse 1.0.0"
| #define PACKAGE_BUGREPORT "nenolod+upse@sacredspiral.co.uk"
| #define PACKAGE "upse"
| #define VERSION "1.0.0"
| /* end confdefs.h.  */
| #include <ac_nonexistent.h>
configure:3460: result: /home/dana/emsdk/upstream/emscripten/emcc -E
configure:3489: /home/dana/emsdk/upstream/emscripten/emcc -E  conftest.c
configure:3495: $? = 0
configure:3526: /home/dana/emsdk/upstream/emscripten/emcc -E  conftest.c
conftest.c:10:10: fatal error: 'ac_nonexistent.h' file not found
   10 | #include <ac_nonexistent.h>
      |          ^~~~~~~~~~~~~~~~~~
1 error generated.
configure:3532: $? = 1
configure: failed program was:
| /* confdefs.h.  */
| #define PACKAGE_NAME "upse"
| #define PACKAGE_TARNAME "upse"
| #define PACKAGE_VERSION "1.0.0"
| #define PACKAGE_STRING "upse 1.0.0"
| #define PACKAGE_BUGREPORT "nenolod+upse@sacredspiral.co.uk"
| #define PACKAGE "upse"
| #define VERSION "1.0.0"
| /* end confdefs.h.  */
| #include <ac_nonexistent.h>
configure:3570: checking for grep that handles long lines and -e
configure:3644: result: /usr/bin/grep
configure:3649: checking for egrep
configure:3727: result: /usr/bin/grep -E
configure:3732: checking for ANSI C header files
configure:3762: /home/dana/emsdk/upstream/emscripten/emcc -c -g -O2  conftest.c >&5
configure:3768: $? = 0
configure:3867: /home/dana/emsdk/upstream/emscripten/emcc -o conftest -g -O2   conftest.c  >&5
emcc: warning: running limited binaryen optimizations because DWARF info requested (or indirectly required) [-Wlimited-postlink-optimizations]
configure:3870: $? = 0
configure:3876: ./conftest
configure:3879: $? = 0
configure:3896: result: yes
configure:3920: checking for sys/types.h
configure:3941: /home/dana/emsdk/upstream/emscripten/emcc -c -g -O2  conftest.c >&5
configure:3947: $? = 0
configure:3963: result: yes
configure:3920: checking for sys/stat.h
configure:3941: /home/dana/emsdk/upstream/emscripten/emcc -c -g -O2  conftest.c >&5
configure:3947: $? = 0
configure:3963: result: yes
configure:3920: checking for stdlib.h
configure:3941: /home/dana/emsdk/upstream/emscripten/emcc -c -g -O2  conftest.c >&5
configure:3947: $? = 0
configure:3963: result: yes
configure:3920: checking for string.h
configure:3941: /home/dana/emsdk/upstream/emscripten/emcc -c -g -O2  conftest.c >&5
configure:3947: $? = 0
configure:3963: result: yes
configure:3920: checking for memory.h
configure:3941: /home/dana/emsdk/upstream/emscripten/emcc -c -g -O2  conftest.c >&5
configure:3947: $? = 0
configure:3963: result: yes
configure:3920: checking for strings.h
configure:3941: /home/dana/emsdk/upstream/emscripten/emcc -c -g -O2  conftest.c >&5
configure:3947: $? = 0
configure:3963: result: yes
configure:3920: checking for inttypes.h
configure:3941: /home/dana/emsdk/upstream/emscripten/emcc -c -g -O2  conftest.c >&5
configure:3947: $? = 0
configure:3963: result: yes
configure:3920: checking for stdint.h
configure:3941: /home/dana/emsdk/upstream/emscripten/emcc -c -g -O2  conftest.c >&5
configure:3947: $? = 0
configure:3963: result: yes
configure:3920: checking for unistd.h
configure:3941: /home/dana/emsdk/upstream/emscripten/emcc -c -g -O2  conftest.c >&5
configure:3947: $? = 0
configure:3963: result: yes
configure:3975: checking whether byte ordering is bigendian
configure:4008: /home/dana/emsdk/upstream/emscripten/emcc -c -g -O2  conftest.c >&5
configure:4014: $? = 0
configure:4046: /home/dana/emsdk/upstream/emscripten/emcc -c -g -O2  conftest.c >&5
conftest.c:27:2: error: use of undeclared identifier 'not'
   27 |  not big endian
      |  ^
1 error generated.
configure:4052: $? = 1
configure: failed program was:
| /* confdefs.h.  */
| #define PACKAGE_NAME "upse"
| #define PACKAGE_TARNAME "upse"
| #define PACKAGE_VERSION "1.0.0"
| #define PACKAGE_STRING "upse 1.0.0"
| #define PACKAGE_BUGREPORT "nenolod+upse@sacredspiral.co.uk"
| #define PACKAGE "upse"
| #define VERSION "1.0.0"
| #define STDC_HEADERS 1
| #define HAVE_SYS_TYPES_H 1
| #define HAVE_SYS_STAT_H 1
| #define HAVE_STDLIB_H 1
| #define HAVE_STRING_H 1
| #define HAVE_MEMORY_H 1
| #define HAVE_STRINGS_H 1
| #define HAVE_INTTYPES_H 1
| #define HAVE_STDINT_H 1
| #define HAVE_UNISTD_H 1
| /* end confdefs.h.  */
| #include <sys/types.h>
| #include <sys/param.h>
| 
| int
| main ()
| {
| #if BYTE_ORDER != BIG_ENDIAN
|  not big endian
| #endif
| 
|   ;
|   return 0;
| }
configure:4192: result: no
configure:4224: checking for gcc
configure:4251: result: /home/dana/emsdk/upstream/emscripten/emcc
configure:4266: checking version of /home/dana/emsdk/upstream/emscripten/emcc
configure:4276: result: 19.0.0, bad
configure:4306: checking for style of include used by make
configure:4334: result: GNU
configure:4365: checking dependency style of /home/dana/emsdk/upstream/emscripten/emcc
configure:4456: result: none
configure:4473: checking whether ln -s works
configure:4477: result: yes
configure:4484: checking whether make sets $(MAKE)
configure:4505: result: yes
configure:4517: checking for rm
configure:4535: found /usr/bin/rm
configure:4547: result: /usr/bin/rm
configure:4557: checking for mv
configure:4575: found /usr/bin/mv
configure:4587: result: /usr/bin/mv
configure:4597: checking for cp
configure:4615: found /usr/bin/cp
configure:4627: result: /usr/bin/cp
configure:4637: checking for ar
configure:4667: result: /home/dana/emsdk/upstream/emscripten/emar
configure:4677: checking for ranlib
configure:4707: result: /home/dana/emsdk/upstream/emscripten/emranlib
configure:4729: checking for a BSD-compatible install
configure:4785: result: /usr/bin/install -c
configure:4810: checking whether NLS is requested
configure:4819: result: yes
configure:4857: checking for msgfmt
configure:4891: result: no
configure:4897: checking for gmsgfmt
configure:4928: result: :
configure:4968: checking for xgettext
configure:5002: result: no
configure:5039: checking for msgmerge
configure:5072: result: no
configure:5144: checking for ld used by GCC
emcc: error: no input files
configure:5207: result: /home/dana/emsdk/upstream/emscripten/emcc
configure:5216: checking if the linker (/home/dana/emsdk/upstream/emscripten/emcc) is GNU ld
emcc (Emscripten gcc/clang-like replacement + linker emulating GNU ld) 3.1.55 (165133b1cc977f0b9a277e42ef809b823157189c)
configure:5228: result: yes
configure:5234: checking for shared library run path origin
configure:5247: result: done
configure:5663: checking whether NLS is requested
configure:5672: result: yes
configure:5690: checking for GNU gettext in libc
configure:5719: /home/dana/emsdk/upstream/emscripten/emcc -o conftest -g -O2 -pipe -Wall   conftest.c  >&5
wasm-ld: error: /tmp/emscripten_temp_g3v6t9l3/conftest_0.o: undefined symbol: _nl_msg_cat_cntr
wasm-ld: error: /tmp/emscripten_temp_g3v6t9l3/conftest_0.o: undefined symbol: _nl_domain_bindings
emcc: error: '/home/dana/emsdk/upstream/bin/wasm-ld -o conftest.wasm /tmp/emscripten_temp_g3v6t9l3/conftest_0.o -L/home/dana/emsdk/upstream/emscripten/cache/sysroot/lib/wasm32-emscripten -lGL-getprocaddr -lal -lhtml5 -lstubs -lc -ldlmalloc -lcompiler_rt -lc++-noexcept -lc++abi-noexcept -lsockets -mllvm -combiner-global-alias-analysis=false -mllvm -enable-emscripten-sjlj -mllvm -disable-lsr /tmp/tmpk_zvondolibemscripten_js_symbols.so --export=stackAlloc --export=stackSave --export=stackRestore --export=__get_temp_ret --export=__set_temp_ret --export=__funcs_on_exit --export=__wasm_call_ctors --export-if-defined=__start_em_asm --export-if-defined=__stop_em_asm --export-if-defined=__start_em_lib_deps --export-if-defined=__stop_em_lib_deps --export-if-defined=__start_em_js --export-if-defined=__stop_em_js --export-if-defined=main --export-if-defined=__main_argc_argv --export-if-defined=fflush --export-table -z stack-size=65536 --initial-memory=16777216 --max-memory=16777216 --no-entry --table-base=1 --global-base=1024' failed (returned 1)
configure:5725: $? = 1
configure: failed program was:
| /* confdefs.h.  */
| #define PACKAGE_NAME "upse"
| #define PACKAGE_TARNAME "upse"
| #define PACKAGE_VERSION "1.0.0"
| #define PACKAGE_STRING "upse 1.0.0"
| #define PACKAGE_BUGREPORT "nenolod+upse@sacredspiral.co.uk"
| #define PACKAGE "upse"
| #define VERSION "1.0.0"
| #define STDC_HEADERS 1
| #define HAVE_SYS_TYPES_H 1
| #define HAVE_SYS_STAT_H 1
| #define HAVE_STDLIB_H 1
| #define HAVE_STRING_H 1
| #define HAVE_MEMORY_H 1
| #define HAVE_STRINGS_H 1
| #define HAVE_INTTYPES_H 1
| #define HAVE_STDINT_H 1
| #define HAVE_UNISTD_H 1
| /* end confdefs.h.  */
| #include <libintl.h>
| extern int _nl_msg_cat_cntr;
| extern int *_nl_domain_bindings;
| int
| main ()
| {
| bindtextdomain ("", "");
| return (int) gettext ("") + _nl_msg_cat_cntr + *_nl_domain_bindings
|   ;
|   return 0;
| }
configure:5742: result: no
configure:5776: checking for iconv
configure:5808: /home/dana/emsdk/upstream/emscripten/emcc -o conftest -g -O2 -pipe -Wall   conftest.c  >&5
emcc: warning: running limited binaryen optimizations because DWARF info requested (or indirectly required) [-Wlimited-postlink-optimizations]
configure:5814: $? = 0
configure:5884: result: yes
configure:6285: checking for GNU gettext in libintl
configure:6322: /home/dana/emsdk/upstream/emscripten/emcc -o conftest -g -O2 -pipe -Wall    conftest.c  -lintl >&5
conftest.c:32:66: warning: passing arguments to '_nl_expand_alias' without a prototype is deprecated in all versions of C and is not supported in C23 [-Wdeprecated-non-prototype]
   32 | return (int) gettext ("") + _nl_msg_cat_cntr + *_nl_expand_alias (0)
      |                                                                  ^
1 warning generated.
wasm-ld: error: unable to find library -lintl
emcc: error: '/home/dana/emsdk/upstream/bin/wasm-ld -o conftest.wasm /tmp/emscripten_temp_4dtzpcln/conftest_0.o -lintl -L/home/dana/emsdk/upstream/emscripten/cache/sysroot/lib/wasm32-emscripten -lGL-getprocaddr -lal -lhtml5 -lstubs -lc -ldlmalloc -lcompiler_rt -lc++-noexcept -lc++abi-noexcept -lsockets -mllvm -combiner-global-alias-analysis=false -mllvm -enable-emscripten-sjlj -mllvm -disable-lsr /tmp/tmptzwystgxlibemscripten_js_symbols.so --export=stackAlloc --export=stackSave --export=stackRestore --export=__get_temp_ret --export=__set_temp_ret --export=__funcs_on_exit --export=__wasm_call_ctors --export-if-defined=__start_em_asm --export-if-defined=__stop_em_asm --export-if-defined=__start_em_lib_deps --export-if-defined=__stop_em_lib_deps --export-if-defined=__start_em_js --export-if-defined=__stop_em_js --export-if-defined=main --export-if-defined=__main_argc_argv --export-if-defined=fflush --export-table -z stack-size=65536 --initial-memory=16777216 --max-memory=16777216 --no-entry --table-base=1 --global-base=1024' failed (returned 1)
configure:6328: $? = 1
configure: failed program was:
| /* confdefs.h.  */
| #define PACKAGE_NAME "upse"
| #define PACKAGE_TARNAME "upse"
| #define PACKAGE_VERSION "1.0.0"
| #define PACKAGE_STRING "upse 1.0.0"
| #define PACKAGE_BUGREPORT "nenolod+upse@sacredspiral.co.uk"
| #define PACKAGE "upse"
| #define VERSION "1.0.0"
| #define STDC_HEADERS 1
| #define HAVE_SYS_TYPES_H 1
| #define HAVE_SYS_STAT_H 1
| #define HAVE_STDLIB_H 1
| #define HAVE_STRING_H 1
| #define HAVE_MEMORY_H 1
| #define HAVE_STRINGS_H 1
| #define HAVE_INTTYPES_H 1
| #define HAVE_STDINT_H 1
| #define HAVE_UNISTD_H 1
| #define HAVE_ICONV 1
| /* end confdefs.h.  */
| #include <libintl.h>
| extern int _nl_msg_cat_cntr;
| extern
| #ifdef __cplusplus
| "C"
| #endif
| const char *_nl_expand_alias ();
| int
| main ()
| {
| bindtextdomain ("", "");
| return (int) gettext ("") + _nl_msg_cat_cntr + *_nl_expand_alias (0)
|   ;
|   return 0;
| }
configure:6403: result: no
configure:6432: checking whether to use NLS
configure:6434: result: no
configure:6528: checking for pkg-config
configure:6546: found /usr/bin/pkg-config
configure:6559: result: /usr/bin/pkg-config
configure:6577: checking for audacious >= 1.3.99
configure:6597: result: no
configure:6690: checking for ao
configure:6710: result: no
configure:6742: checking for shared library system
configure:6810: result: POSIX
configure:6841: checking whether we need an implib
configure:6851: result: no
configure:6973: creating ./config.status

## ---------------------- ##
## Running config.status. ##
## ---------------------- ##

This file was extended by upse config.status 1.0.0, which was
generated by GNU Autoconf 2.61.  Invocation command line was

  CONFIG_FILES    = 
  CONFIG_HEADERS  = 
  CONFIG_LINKS    = 
  CONFIG_COMMANDS = 
  $ ./config.status 

on dana-XPS-15-9530

config.status:689: creating buildsys.mk
config.status:689: creating extra.mk
config.status:689: creating config.h
config.status:916: executing depfiles commands
config.status:916: executing default-1 commands

## ---------------- ##
## Cache variables. ##
## ---------------- ##

ac_cv_build=x86_64-unknown-linux-gnu
ac_cv_c_bigendian=no
ac_cv_c_compiler_gnu=yes
ac_cv_cxx_compiler_gnu=yes
ac_cv_env_CCASFLAGS_set=
ac_cv_env_CCASFLAGS_value=
ac_cv_env_CCAS_set=
ac_cv_env_CCAS_value=
ac_cv_env_CCC_set=
ac_cv_env_CCC_value=
ac_cv_env_CC_set=set
ac_cv_env_CC_value=/home/dana/emsdk/upstream/emscripten/emcc
ac_cv_env_CFLAGS_set=
ac_cv_env_CFLAGS_value=
ac_cv_env_CPPFLAGS_set=
ac_cv_env_CPPFLAGS_value=
ac_cv_env_CPP_set=
ac_cv_env_CPP_value=
ac_cv_env_CXXFLAGS_set=
ac_cv_env_CXXFLAGS_value=
ac_cv_env_CXX_set=set
ac_cv_env_CXX_value=/home/dana/emsdk/upstream/emscripten/em++
ac_cv_env_LDFLAGS_set=
ac_cv_env_LDFLAGS_value=
ac_cv_env_LIBS_set=
ac_cv_env_LIBS_value=
ac_cv_env_build_alias_set=
ac_cv_env_build_alias_value=
ac_cv_env_host_alias_set=
ac_cv_env_host_alias_value=
ac_cv_env_target_alias_set=
ac_cv_env_target_alias_value=
ac_cv_header_inttypes_h=yes
ac_cv_header_memory_h=yes
ac_cv_header_stdc=yes
ac_cv_header_stdint_h=yes
ac_cv_header_stdlib_h=yes
ac_cv_header_string_h=yes
ac_cv_header_strings_h=yes
ac_cv_header_sys_stat_h=yes
ac_cv_header_sys_types_h=yes
ac_cv_header_unistd_h=yes
ac_cv_host=x86_64-unknown-linux-gnu
ac_cv_lib_cposix_strerror=no
ac_cv_objext=o
ac_cv_path_AR=/home/dana/emsdk/upstream/emscripten/emar
ac_cv_path_CP=/usr/bin/cp
ac_cv_path_EGREP='/usr/bin/grep -E'
ac_cv_path_GMSGFMT=:
ac_cv_path_GREP=/usr/bin/grep
ac_cv_path_MSGFMT=:
ac_cv_path_MSGMERGE=:
ac_cv_path_MV=/usr/bin/mv
ac_cv_path_PKG_CONFIG=/usr/bin/pkg-config
ac_cv_path_RANLIB=/home/dana/emsdk/upstream/emscripten/emranlib
ac_cv_path_RM=/usr/bin/rm
ac_cv_path_XGETTEXT=:
ac_cv_path_install='/usr/bin/install -c'
ac_cv_prog_CC=/home/dana/emsdk/upstream/emscripten/emcc
ac_cv_prog_CPP='/home/dana/emsdk/upstream/emscripten/emcc -E'
ac_cv_prog_ac_ct_CC=/home/dana/emsdk/upstream/emscripten/emcc
ac_cv_prog_cc_c89=
ac_cv_prog_cc_g=yes
ac_cv_prog_cxx_g=yes
ac_cv_prog_make_make_set=yes
ac_cv_target=x86_64-unknown-linux-gnu
acl_cv_hardcode_direct=no
acl_cv_hardcode_libdir_flag_spec='${wl}-rpath ${wl}$libdir'
acl_cv_hardcode_libdir_separator=
acl_cv_hardcode_minus_L=no
acl_cv_libext=a
acl_cv_path_LD=/home/dana/emsdk/upstream/emscripten/emcc
acl_cv_prog_gnu_ld=yes
acl_cv_rpath=done
acl_cv_shlibext=so
acl_cv_wl=-Wl,
am_cv_CCAS_dependencies_compiler_type=none
am_cv_func_iconv=yes
am_cv_lib_iconv=no
gt_cv_func_gnugettext1_libc=no
gt_cv_func_gnugettext1_libintl=no

## ----------------- ##
## Output variables. ##
## ----------------- ##

AMDEPBACKSLASH='\'
AMDEP_FALSE='#'
AMDEP_TRUE=''
AO_CFLAGS=''
AO_LIBS=''
AR='/home/dana/emsdk/upstream/emscripten/emar'
AUDACIOUS_CFLAGS=''
AUDACIOUS_LIBS=''
CC='/home/dana/emsdk/upstream/emscripten/emcc'
CCAS='/home/dana/emsdk/upstream/emscripten/emcc'
CCASDEPMODE='depmode=none'
CCASFLAGS='-g -O2 -pipe -Wall'
CFLAGS='-g -O2 -pipe -Wall '
CLEAN_LIB=''
CP='/usr/bin/cp'
CPP='/home/dana/emsdk/upstream/emscripten/emcc -E'
CPPFLAGS=''
CXX='/home/dana/emsdk/upstream/emscripten/em++'
CXXFLAGS='-g -O2 -pipe -Wall'
DEFS='-DHAVE_CONFIG_H'
DEPDIR='.deps'
ECHO_C=''
ECHO_N='-n'
ECHO_T=''
EGREP='/usr/bin/grep -E'
EXEEXT=''
GMSGFMT=':'
GREP='/usr/bin/grep'
INSTALL_DATA='${INSTALL} -m 644'
INSTALL_LIB='${INSTALL} -m 755 $$i ${DESTDIR}${libdir}/$$i.${LIB_MAJOR}.${LIB_MINOR}.0 && ${LN_S} -f $$i.${LIB_MAJOR}.${LIB_MINOR}.0 ${DESTDIR}${libdir}/$$i.${LIB_MAJOR} && ${LN_S} -f $$i.${LIB_MAJOR}.${LIB_MINOR}.0 ${DESTDIR}${libdir}/$$i'
INSTALL_PROGRAM='${INSTALL}'
INSTALL_SCRIPT='${INSTALL}'
INTLLIBS=''
LDFLAGS=''
LIBBEEP_MAJOR_VERSION='2'
LIBBEEP_MICRO_VERSION='0'
LIBBEEP_MINOR_VERSION='0'
LIBICONV=''
LIBINTL=''
LIBOBJS=''
LIBS=''
LIB_CFLAGS='-fPIC'
LIB_CPPFLAGS='-DPIC'
LIB_LDFLAGS='-shared -fPIC -Wl,-soname=${LIB}.${LIB_MAJOR}.${LIB_MINOR}.0'
LIB_PREFIX='lib'
LIB_SUFFIX='.so'
LN_S='ln -s'
LTLIBICONV=''
LTLIBINTL=''
LTLIBOBJS=''
MKINSTALLDIRS='$(top_builddir)/../mkinstalldirs'
MSGFMT=':'
MSGMERGE=':'
MV='/usr/bin/mv'
OBJEXT='o'
PACKAGE='upse'
PACKAGE_BUGREPORT='nenolod+upse@sacredspiral.co.uk'
PACKAGE_NAME='upse'
PACKAGE_STRING='upse 1.0.0'
PACKAGE_TARNAME='upse'
PACKAGE_VERSION='1.0.0'
PATH_SEPARATOR=':'
PKG_CONFIG='/usr/bin/pkg-config'
PLUGIN_CFLAGS='-fPIC'
PLUGIN_CPPFLAGS='-DPIC'
PLUGIN_LDFLAGS='-shared -fPIC'
PLUGIN_SUFFIX='.so'
POSUB=''
PROG_IMPLIB_LDFLAGS=''
PROG_IMPLIB_NEEDED='no'
RANLIB='/home/dana/emsdk/upstream/emscripten/emranlib'
RM='/usr/bin/rm'
SET_MAKE=''
SHELL='/bin/bash'
UNINSTALL_LIB='rm -f ${DESTDIR}${libdir}/$$i ${DESTDIR}${libdir}/$$i.${LIB_MAJOR} ${DESTDIR}${libdir}/$$i.${LIB_MAJOR}.${LIB_MINOR}.0'
UPSE_TARGET_AUD=''
USE_NLS='no'
VERSION='1.0.0'
XGETTEXT=':'
ac_ct_CC='/home/dana/emsdk/upstream/emscripten/emcc'
ac_ct_CXX=''
am__fastdepCCAS_FALSE=''
am__fastdepCCAS_TRUE='#'
am__include='include'
am__leading_dot='.'
am__quote=''
bindir='${exec_prefix}/bin'
build='x86_64-unknown-linux-gnu'
build_alias=''
build_cpu='x86_64'
build_os='linux-gnu'
build_vendor='unknown'
datadir='${datarootdir}'
datarootdir='${prefix}/share'
docdir='${datarootdir}/doc/${PACKAGE_TARNAME}'
dvidir='${docdir}'
exec_prefix='${prefix}'
host='x86_64-unknown-linux-gnu'
host_alias=''
host_cpu='x86_64'
host_os='linux-gnu'
host_vendor='unknown'
htmldir='${docdir}'
includedir='${prefix}/include'
infodir='${datarootdir}/info'
libdir='${exec_prefix}/lib'
libexecdir='${exec_prefix}/libexec'
localedir='${datarootdir}/locale'
localstatedir='${prefix}/var'
mandir='${datarootdir}/man'
oldincludedir='/usr/include'
pdfdir='${docdir}'
prefix='/usr/local'
program_transform_name='s,x,x,'
psdir='${docdir}'
sbindir='${exec_prefix}/sbin'
sharedstatedir='${prefix}/com'
sysconfdir='${prefix}/etc'
target='x86_64-unknown-linux-gnu'
target_alias=''
target_cpu='x86_64'
target_os='linux-gnu'
target_vendor='unknown'

## ----------- ##
## confdefs.h. ##
## ----------- ##

#define PACKAGE_NAME "upse"
#define PACKAGE_TARNAME "upse"
#define PACKAGE_VERSION "1.0.0"
#define PACKAGE_STRING "upse 1.0.0"
#define PACKAGE_BUGREPORT "nenolod+upse@sacredspiral.co.uk"
#define PACKAGE "upse"
#define VERSION "1.0.0"
#define STDC_HEADERS 1
#define HAVE_SYS_TYPES_H 1
#define HAVE_SYS_STAT_H 1
#define HAVE_STDLIB_H 1
#define HAVE_STRING_H 1
#define HAVE_MEMORY_H 1
#define HAVE_STRINGS_H 1
#define HAVE_INTTYPES_H 1
#define HAVE_STDINT_H 1
#define HAVE_UNISTD_H 1
#define HAVE_ICONV 1

configure: exit 0
